<?xml version="1.0" encoding="UTF-8"?>
<testsuite xmlns:xsi="http://www.w3.org/2001/XMLSchema-instance" xsi:noNamespaceSchemaLocation="https://maven.apache.org/surefire/maven-surefire-plugin/xsd/surefire-test-report-3.0.xsd" version="3.0" name="dev.selenium.augmenter.CdpRemoteWebDriverTest" time="109.844" tests="6" errors="0" skipped="0" failures="0">
  <properties>
    <property name="gopherProxySet" value="false"/>
    <property name="awt.toolkit" value="sun.lwawt.macosx.LWCToolkit"/>
    <property name="java.specification.version" value="11"/>
    <property name="webdriver.chrome.driver" value="/Users/fcontigliani/.cache/selenium/chromedriver/mac64/104.0.5112.79/chromedriver"/>
    <property name="sun.cpu.isalist" value=""/>
    <property name="sun.jnu.encoding" value="UTF-8"/>
    <property name="java.class.path" value="/Users/fcontigliani/Trabajo/Universidad/UM/Ing. de Software Aplicada/2022/Test/Selenium/examples/java/target/test-classes:/Users/fcontigliani/Trabajo/Universidad/UM/Ing. de Software Aplicada/2022/Test/Selenium/examples/java/target/classes:/Users/fcontigliani/.m2/repository/org/seleniumhq/selenium/selenium-java/4.4.0/selenium-java-4.4.0.jar:/Users/fcontigliani/.m2/repository/org/seleniumhq/selenium/selenium-api/4.4.0/selenium-api-4.4.0.jar:/Users/fcontigliani/.m2/repository/org/seleniumhq/selenium/selenium-chrome-driver/4.4.0/selenium-chrome-driver-4.4.0.jar:/Users/fcontigliani/.m2/repository/org/seleniumhq/selenium/selenium-devtools-v102/4.4.0/selenium-devtools-v102-4.4.0.jar:/Users/fcontigliani/.m2/repository/org/seleniumhq/selenium/selenium-devtools-v103/4.4.0/selenium-devtools-v103-4.4.0.jar:/Users/fcontigliani/.m2/repository/org/seleniumhq/selenium/selenium-devtools-v104/4.4.0/selenium-devtools-v104-4.4.0.jar:/Users/fcontigliani/.m2/repository/org/seleniumhq/selenium/selenium-devtools-v85/4.4.0/selenium-devtools-v85-4.4.0.jar:/Users/fcontigliani/.m2/repository/org/seleniumhq/selenium/selenium-edge-driver/4.4.0/selenium-edge-driver-4.4.0.jar:/Users/fcontigliani/.m2/repository/org/seleniumhq/selenium/selenium-firefox-driver/4.4.0/selenium-firefox-driver-4.4.0.jar:/Users/fcontigliani/.m2/repository/org/seleniumhq/selenium/selenium-ie-driver/4.4.0/selenium-ie-driver-4.4.0.jar:/Users/fcontigliani/.m2/repository/org/seleniumhq/selenium/selenium-opera-driver/4.4.0/selenium-opera-driver-4.4.0.jar:/Users/fcontigliani/.m2/repository/org/seleniumhq/selenium/selenium-remote-driver/4.4.0/selenium-remote-driver-4.4.0.jar:/Users/fcontigliani/.m2/repository/io/netty/netty-transport-classes-epoll/4.1.78.Final/netty-transport-classes-epoll-4.1.78.Final.jar:/Users/fcontigliani/.m2/repository/io/netty/netty-transport-classes-kqueue/4.1.78.Final/netty-transport-classes-kqueue-4.1.78.Final.jar:/Users/fcontigliani/.m2/repository/io/netty/netty-transport-native-epoll/4.1.78.Final/netty-transport-native-epoll-4.1.78.Final.jar:/Users/fcontigliani/.m2/repository/io/netty/netty-transport-native-kqueue/4.1.78.Final/netty-transport-native-kqueue-4.1.78.Final.jar:/Users/fcontigliani/.m2/repository/io/netty/netty-transport-native-unix-common/4.1.78.Final/netty-transport-native-unix-common-4.1.78.Final.jar:/Users/fcontigliani/.m2/repository/io/opentelemetry/opentelemetry-context/1.16.0/opentelemetry-context-1.16.0.jar:/Users/fcontigliani/.m2/repository/io/opentelemetry/opentelemetry-exporter-logging/1.16.0/opentelemetry-exporter-logging-1.16.0.jar:/Users/fcontigliani/.m2/repository/io/opentelemetry/opentelemetry-sdk-metrics/1.16.0/opentelemetry-sdk-metrics-1.16.0.jar:/Users/fcontigliani/.m2/repository/io/opentelemetry/opentelemetry-sdk-logs/1.16.0-alpha/opentelemetry-sdk-logs-1.16.0-alpha.jar:/Users/fcontigliani/.m2/repository/io/opentelemetry/opentelemetry-sdk-common/1.16.0/opentelemetry-sdk-common-1.16.0.jar:/Users/fcontigliani/.m2/repository/io/opentelemetry/opentelemetry-sdk-extension-autoconfigure-spi/1.16.0/opentelemetry-sdk-extension-autoconfigure-spi-1.16.0.jar:/Users/fcontigliani/.m2/repository/io/opentelemetry/opentelemetry-sdk-extension-autoconfigure/1.16.0-alpha/opentelemetry-sdk-extension-autoconfigure-1.16.0-alpha.jar:/Users/fcontigliani/.m2/repository/io/opentelemetry/opentelemetry-sdk-trace/1.16.0/opentelemetry-sdk-trace-1.16.0.jar:/Users/fcontigliani/.m2/repository/io/opentelemetry/opentelemetry-sdk/1.16.0/opentelemetry-sdk-1.16.0.jar:/Users/fcontigliani/.m2/repository/io/opentelemetry/opentelemetry-semconv/1.16.0-alpha/opentelemetry-semconv-1.16.0-alpha.jar:/Users/fcontigliani/.m2/repository/net/bytebuddy/byte-buddy/1.12.10/byte-buddy-1.12.10.jar:/Users/fcontigliani/.m2/repository/org/apache/commons/commons-exec/1.3/commons-exec-1.3.jar:/Users/fcontigliani/.m2/repository/org/asynchttpclient/async-http-client/2.12.3/async-http-client-2.12.3.jar:/Users/fcontigliani/.m2/repository/org/asynchttpclient/async-http-client-netty-utils/2.12.3/async-http-client-netty-utils-2.12.3.jar:/Users/fcontigliani/.m2/repository/io/netty/netty-codec-socks/4.1.60.Final/netty-codec-socks-4.1.60.Final.jar:/Users/fcontigliani/.m2/repository/io/netty/netty-handler-proxy/4.1.60.Final/netty-handler-proxy-4.1.60.Final.jar:/Users/fcontigliani/.m2/repository/io/netty/netty-transport-native-epoll/4.1.60.Final/netty-transport-native-epoll-4.1.60.Final-linux-x86_64.jar:/Users/fcontigliani/.m2/repository/io/netty/netty-transport-native-kqueue/4.1.60.Final/netty-transport-native-kqueue-4.1.60.Final-osx-x86_64.jar:/Users/fcontigliani/.m2/repository/com/typesafe/netty/netty-reactive-streams/2.0.4/netty-reactive-streams-2.0.4.jar:/Users/fcontigliani/.m2/repository/com/sun/activation/jakarta.activation/1.2.2/jakarta.activation-1.2.2.jar:/Users/fcontigliani/.m2/repository/org/seleniumhq/selenium/selenium-safari-driver/4.4.0/selenium-safari-driver-4.4.0.jar:/Users/fcontigliani/.m2/repository/org/seleniumhq/selenium/selenium-support/4.4.0/selenium-support-4.4.0.jar:/Users/fcontigliani/.m2/repository/org/seleniumhq/selenium/selenium-grid/4.4.0/selenium-grid-4.4.0.jar:/Users/fcontigliani/.m2/repository/com/beust/jcommander/1.82/jcommander-1.82.jar:/Users/fcontigliani/.m2/repository/com/google/auto/service/auto-service-annotations/1.0.1/auto-service-annotations-1.0.1.jar:/Users/fcontigliani/.m2/repository/com/google/auto/service/auto-service/1.0.1/auto-service-1.0.1.jar:/Users/fcontigliani/.m2/repository/com/google/auto/auto-common/1.2/auto-common-1.2.jar:/Users/fcontigliani/.m2/repository/com/google/guava/guava/31.1-jre/guava-31.1-jre.jar:/Users/fcontigliani/.m2/repository/com/google/guava/failureaccess/1.0.1/failureaccess-1.0.1.jar:/Users/fcontigliani/.m2/repository/com/google/guava/listenablefuture/9999.0-empty-to-avoid-conflict-with-guava/listenablefuture-9999.0-empty-to-avoid-conflict-with-guava.jar:/Users/fcontigliani/.m2/repository/com/google/code/findbugs/jsr305/3.0.2/jsr305-3.0.2.jar:/Users/fcontigliani/.m2/repository/org/checkerframework/checker-qual/3.12.0/checker-qual-3.12.0.jar:/Users/fcontigliani/.m2/repository/com/google/errorprone/error_prone_annotations/2.11.0/error_prone_annotations-2.11.0.jar:/Users/fcontigliani/.m2/repository/com/google/j2objc/j2objc-annotations/1.3/j2objc-annotations-1.3.jar:/Users/fcontigliani/.m2/repository/com/graphql-java/graphql-java/18.1/graphql-java-18.1.jar:/Users/fcontigliani/.m2/repository/org/reactivestreams/reactive-streams/1.0.3/reactive-streams-1.0.3.jar:/Users/fcontigliani/.m2/repository/org/antlr/antlr4-runtime/4.9.3/antlr4-runtime-4.9.3.jar:/Users/fcontigliani/.m2/repository/com/graphql-java/java-dataloader/3.1.4/java-dataloader-3.1.4.jar:/Users/fcontigliani/.m2/repository/dev/failsafe/failsafe/3.2.4/failsafe-3.2.4.jar:/Users/fcontigliani/.m2/repository/io/netty/netty-buffer/4.1.78.Final/netty-buffer-4.1.78.Final.jar:/Users/fcontigliani/.m2/repository/io/netty/netty-codec-http/4.1.78.Final/netty-codec-http-4.1.78.Final.jar:/Users/fcontigliani/.m2/repository/io/netty/netty-codec/4.1.78.Final/netty-codec-4.1.78.Final.jar:/Users/fcontigliani/.m2/repository/io/netty/netty-common/4.1.78.Final/netty-common-4.1.78.Final.jar:/Users/fcontigliani/.m2/repository/io/netty/netty-handler/4.1.78.Final/netty-handler-4.1.78.Final.jar:/Users/fcontigliani/.m2/repository/io/netty/netty-resolver/4.1.78.Final/netty-resolver-4.1.78.Final.jar:/Users/fcontigliani/.m2/repository/io/netty/netty-transport/4.1.78.Final/netty-transport-4.1.78.Final.jar:/Users/fcontigliani/.m2/repository/io/opentelemetry/opentelemetry-api/1.16.0/opentelemetry-api-1.16.0.jar:/Users/fcontigliani/.m2/repository/io/ous/jtoml/2.0.0/jtoml-2.0.0.jar:/Users/fcontigliani/.m2/repository/javax/servlet/javax.servlet-api/4.0.1/javax.servlet-api-4.0.1.jar:/Users/fcontigliani/.m2/repository/org/seleniumhq/selenium/selenium-chromium-driver/4.4.0/selenium-chromium-driver-4.4.0.jar:/Users/fcontigliani/.m2/repository/org/seleniumhq/selenium/selenium-http/4.4.0/selenium-http-4.4.0.jar:/Users/fcontigliani/.m2/repository/org/seleniumhq/selenium/selenium-json/4.4.0/selenium-json-4.4.0.jar:/Users/fcontigliani/.m2/repository/org/zeromq/jeromq/0.5.2/jeromq-0.5.2.jar:/Users/fcontigliani/.m2/repository/eu/neilalexander/jnacl/1.0.0/jnacl-1.0.0.jar:/Users/fcontigliani/.m2/repository/org/slf4j/slf4j-api/1.7.36/slf4j-api-1.7.36.jar:/Users/fcontigliani/.m2/repository/ch/qos/logback/logback-classic/1.2.11/logback-classic-1.2.11.jar:/Users/fcontigliani/.m2/repository/ch/qos/logback/logback-core/1.2.11/logback-core-1.2.11.jar:/Users/fcontigliani/.m2/repository/org/junit/jupiter/junit-jupiter-engine/5.9.0/junit-jupiter-engine-5.9.0.jar:/Users/fcontigliani/.m2/repository/org/junit/platform/junit-platform-engine/1.9.0/junit-platform-engine-1.9.0.jar:/Users/fcontigliani/.m2/repository/org/opentest4j/opentest4j/1.2.0/opentest4j-1.2.0.jar:/Users/fcontigliani/.m2/repository/org/junit/platform/junit-platform-commons/1.9.0/junit-platform-commons-1.9.0.jar:/Users/fcontigliani/.m2/repository/org/junit/jupiter/junit-jupiter-api/5.9.0/junit-jupiter-api-5.9.0.jar:/Users/fcontigliani/.m2/repository/org/apiguardian/apiguardian-api/1.1.2/apiguardian-api-1.1.2.jar:/Users/fcontigliani/.m2/repository/io/github/bonigarcia/webdrivermanager/5.2.3/webdrivermanager-5.2.3.jar:/Users/fcontigliani/.m2/repository/com/google/code/gson/gson/2.9.1/gson-2.9.1.jar:/Users/fcontigliani/.m2/repository/com/github/docker-java/docker-java/3.2.13/docker-java-3.2.13.jar:/Users/fcontigliani/.m2/repository/com/github/docker-java/docker-java-core/3.2.13/docker-java-core-3.2.13.jar:/Users/fcontigliani/.m2/repository/com/github/docker-java/docker-java-api/3.2.13/docker-java-api-3.2.13.jar:/Users/fcontigliani/.m2/repository/com/fasterxml/jackson/core/jackson-annotations/2.10.3/jackson-annotations-2.10.3.jar:/Users/fcontigliani/.m2/repository/commons-io/commons-io/2.6/commons-io-2.6.jar:/Users/fcontigliani/.m2/repository/org/apache/commons/commons-compress/1.21/commons-compress-1.21.jar:/Users/fcontigliani/.m2/repository/com/fasterxml/jackson/core/jackson-databind/2.10.3/jackson-databind-2.10.3.jar:/Users/fcontigliani/.m2/repository/com/fasterxml/jackson/core/jackson-core/2.10.3/jackson-core-2.10.3.jar:/Users/fcontigliani/.m2/repository/org/bouncycastle/bcpkix-jdk15on/1.64/bcpkix-jdk15on-1.64.jar:/Users/fcontigliani/.m2/repository/org/bouncycastle/bcprov-jdk15on/1.64/bcprov-jdk15on-1.64.jar:/Users/fcontigliani/.m2/repository/org/slf4j/jcl-over-slf4j/1.7.30/jcl-over-slf4j-1.7.30.jar:/Users/fcontigliani/.m2/repository/com/github/docker-java/docker-java-transport-httpclient5/3.2.13/docker-java-transport-httpclient5-3.2.13.jar:/Users/fcontigliani/.m2/repository/com/github/docker-java/docker-java-transport/3.2.13/docker-java-transport-3.2.13.jar:/Users/fcontigliani/.m2/repository/net/java/dev/jna/jna/5.8.0/jna-5.8.0.jar:/Users/fcontigliani/.m2/repository/org/brotli/dec/0.1.2/dec-0.1.2.jar:/Users/fcontigliani/.m2/repository/org/apache/commons/commons-lang3/3.12.0/commons-lang3-3.12.0.jar:/Users/fcontigliani/.m2/repository/org/apache/httpcomponents/client5/httpclient5/5.1.3/httpclient5-5.1.3.jar:/Users/fcontigliani/.m2/repository/org/apache/httpcomponents/core5/httpcore5/5.1.3/httpcore5-5.1.3.jar:/Users/fcontigliani/.m2/repository/org/apache/httpcomponents/core5/httpcore5-h2/5.1.3/httpcore5-h2-5.1.3.jar:/Users/fcontigliani/.m2/repository/commons-codec/commons-codec/1.15/commons-codec-1.15.jar:/Users/fcontigliani/.m2/repository/org/hamcrest/hamcrest/2.2/hamcrest-2.2.jar:"/>
    <property name="java.vm.vendor" value="Oracle Corporation"/>
    <property name="sun.arch.data.model" value="64"/>
    <property name="java.vendor.url" value="https://openjdk.java.net/"/>
    <property name="user.timezone" value="America/Argentina/Mendoza"/>
    <property name="java.vm.specification.version" value="11"/>
    <property name="os.name" value="Mac OS X"/>
    <property name="sun.java.launcher" value="SUN_STANDARD"/>
    <property name="user.country" value="419"/>
    <property name="sun.boot.library.path" value="/Library/Java/JavaVirtualMachines/jdk-11.0.11.jdk/Contents/Home/lib"/>
    <property name="sun.java.command" value="/Users/fcontigliani/Trabajo/Universidad/UM/Ing. de Software Aplicada/2022/Test/Selenium/examples/java/target/surefire/surefirebooter-20220824235627420_3.jar /Users/fcontigliani/Trabajo/Universidad/UM/Ing. de Software Aplicada/2022/Test/Selenium/examples/java/target/surefire 2022-08-24T23-56-22_139-jvmRun1 surefire-20220824235627420_1tmp surefire_0-20220824235627420_2tmp"/>
    <property name="http.nonProxyHosts" value="local|*.local|169.254/16|*.169.254/16"/>
    <property name="jdk.debug" value="release"/>
    <property name="surefire.test.class.path" value="/Users/fcontigliani/Trabajo/Universidad/UM/Ing. de Software Aplicada/2022/Test/Selenium/examples/java/target/test-classes:/Users/fcontigliani/Trabajo/Universidad/UM/Ing. de Software Aplicada/2022/Test/Selenium/examples/java/target/classes:/Users/fcontigliani/.m2/repository/org/seleniumhq/selenium/selenium-java/4.4.0/selenium-java-4.4.0.jar:/Users/fcontigliani/.m2/repository/org/seleniumhq/selenium/selenium-api/4.4.0/selenium-api-4.4.0.jar:/Users/fcontigliani/.m2/repository/org/seleniumhq/selenium/selenium-chrome-driver/4.4.0/selenium-chrome-driver-4.4.0.jar:/Users/fcontigliani/.m2/repository/org/seleniumhq/selenium/selenium-devtools-v102/4.4.0/selenium-devtools-v102-4.4.0.jar:/Users/fcontigliani/.m2/repository/org/seleniumhq/selenium/selenium-devtools-v103/4.4.0/selenium-devtools-v103-4.4.0.jar:/Users/fcontigliani/.m2/repository/org/seleniumhq/selenium/selenium-devtools-v104/4.4.0/selenium-devtools-v104-4.4.0.jar:/Users/fcontigliani/.m2/repository/org/seleniumhq/selenium/selenium-devtools-v85/4.4.0/selenium-devtools-v85-4.4.0.jar:/Users/fcontigliani/.m2/repository/org/seleniumhq/selenium/selenium-edge-driver/4.4.0/selenium-edge-driver-4.4.0.jar:/Users/fcontigliani/.m2/repository/org/seleniumhq/selenium/selenium-firefox-driver/4.4.0/selenium-firefox-driver-4.4.0.jar:/Users/fcontigliani/.m2/repository/org/seleniumhq/selenium/selenium-ie-driver/4.4.0/selenium-ie-driver-4.4.0.jar:/Users/fcontigliani/.m2/repository/org/seleniumhq/selenium/selenium-opera-driver/4.4.0/selenium-opera-driver-4.4.0.jar:/Users/fcontigliani/.m2/repository/org/seleniumhq/selenium/selenium-remote-driver/4.4.0/selenium-remote-driver-4.4.0.jar:/Users/fcontigliani/.m2/repository/io/netty/netty-transport-classes-epoll/4.1.78.Final/netty-transport-classes-epoll-4.1.78.Final.jar:/Users/fcontigliani/.m2/repository/io/netty/netty-transport-classes-kqueue/4.1.78.Final/netty-transport-classes-kqueue-4.1.78.Final.jar:/Users/fcontigliani/.m2/repository/io/netty/netty-transport-native-epoll/4.1.78.Final/netty-transport-native-epoll-4.1.78.Final.jar:/Users/fcontigliani/.m2/repository/io/netty/netty-transport-native-kqueue/4.1.78.Final/netty-transport-native-kqueue-4.1.78.Final.jar:/Users/fcontigliani/.m2/repository/io/netty/netty-transport-native-unix-common/4.1.78.Final/netty-transport-native-unix-common-4.1.78.Final.jar:/Users/fcontigliani/.m2/repository/io/opentelemetry/opentelemetry-context/1.16.0/opentelemetry-context-1.16.0.jar:/Users/fcontigliani/.m2/repository/io/opentelemetry/opentelemetry-exporter-logging/1.16.0/opentelemetry-exporter-logging-1.16.0.jar:/Users/fcontigliani/.m2/repository/io/opentelemetry/opentelemetry-sdk-metrics/1.16.0/opentelemetry-sdk-metrics-1.16.0.jar:/Users/fcontigliani/.m2/repository/io/opentelemetry/opentelemetry-sdk-logs/1.16.0-alpha/opentelemetry-sdk-logs-1.16.0-alpha.jar:/Users/fcontigliani/.m2/repository/io/opentelemetry/opentelemetry-sdk-common/1.16.0/opentelemetry-sdk-common-1.16.0.jar:/Users/fcontigliani/.m2/repository/io/opentelemetry/opentelemetry-sdk-extension-autoconfigure-spi/1.16.0/opentelemetry-sdk-extension-autoconfigure-spi-1.16.0.jar:/Users/fcontigliani/.m2/repository/io/opentelemetry/opentelemetry-sdk-extension-autoconfigure/1.16.0-alpha/opentelemetry-sdk-extension-autoconfigure-1.16.0-alpha.jar:/Users/fcontigliani/.m2/repository/io/opentelemetry/opentelemetry-sdk-trace/1.16.0/opentelemetry-sdk-trace-1.16.0.jar:/Users/fcontigliani/.m2/repository/io/opentelemetry/opentelemetry-sdk/1.16.0/opentelemetry-sdk-1.16.0.jar:/Users/fcontigliani/.m2/repository/io/opentelemetry/opentelemetry-semconv/1.16.0-alpha/opentelemetry-semconv-1.16.0-alpha.jar:/Users/fcontigliani/.m2/repository/net/bytebuddy/byte-buddy/1.12.10/byte-buddy-1.12.10.jar:/Users/fcontigliani/.m2/repository/org/apache/commons/commons-exec/1.3/commons-exec-1.3.jar:/Users/fcontigliani/.m2/repository/org/asynchttpclient/async-http-client/2.12.3/async-http-client-2.12.3.jar:/Users/fcontigliani/.m2/repository/org/asynchttpclient/async-http-client-netty-utils/2.12.3/async-http-client-netty-utils-2.12.3.jar:/Users/fcontigliani/.m2/repository/io/netty/netty-codec-socks/4.1.60.Final/netty-codec-socks-4.1.60.Final.jar:/Users/fcontigliani/.m2/repository/io/netty/netty-handler-proxy/4.1.60.Final/netty-handler-proxy-4.1.60.Final.jar:/Users/fcontigliani/.m2/repository/io/netty/netty-transport-native-epoll/4.1.60.Final/netty-transport-native-epoll-4.1.60.Final-linux-x86_64.jar:/Users/fcontigliani/.m2/repository/io/netty/netty-transport-native-kqueue/4.1.60.Final/netty-transport-native-kqueue-4.1.60.Final-osx-x86_64.jar:/Users/fcontigliani/.m2/repository/com/typesafe/netty/netty-reactive-streams/2.0.4/netty-reactive-streams-2.0.4.jar:/Users/fcontigliani/.m2/repository/com/sun/activation/jakarta.activation/1.2.2/jakarta.activation-1.2.2.jar:/Users/fcontigliani/.m2/repository/org/seleniumhq/selenium/selenium-safari-driver/4.4.0/selenium-safari-driver-4.4.0.jar:/Users/fcontigliani/.m2/repository/org/seleniumhq/selenium/selenium-support/4.4.0/selenium-support-4.4.0.jar:/Users/fcontigliani/.m2/repository/org/seleniumhq/selenium/selenium-grid/4.4.0/selenium-grid-4.4.0.jar:/Users/fcontigliani/.m2/repository/com/beust/jcommander/1.82/jcommander-1.82.jar:/Users/fcontigliani/.m2/repository/com/google/auto/service/auto-service-annotations/1.0.1/auto-service-annotations-1.0.1.jar:/Users/fcontigliani/.m2/repository/com/google/auto/service/auto-service/1.0.1/auto-service-1.0.1.jar:/Users/fcontigliani/.m2/repository/com/google/auto/auto-common/1.2/auto-common-1.2.jar:/Users/fcontigliani/.m2/repository/com/google/guava/guava/31.1-jre/guava-31.1-jre.jar:/Users/fcontigliani/.m2/repository/com/google/guava/failureaccess/1.0.1/failureaccess-1.0.1.jar:/Users/fcontigliani/.m2/repository/com/google/guava/listenablefuture/9999.0-empty-to-avoid-conflict-with-guava/listenablefuture-9999.0-empty-to-avoid-conflict-with-guava.jar:/Users/fcontigliani/.m2/repository/com/google/code/findbugs/jsr305/3.0.2/jsr305-3.0.2.jar:/Users/fcontigliani/.m2/repository/org/checkerframework/checker-qual/3.12.0/checker-qual-3.12.0.jar:/Users/fcontigliani/.m2/repository/com/google/errorprone/error_prone_annotations/2.11.0/error_prone_annotations-2.11.0.jar:/Users/fcontigliani/.m2/repository/com/google/j2objc/j2objc-annotations/1.3/j2objc-annotations-1.3.jar:/Users/fcontigliani/.m2/repository/com/graphql-java/graphql-java/18.1/graphql-java-18.1.jar:/Users/fcontigliani/.m2/repository/org/reactivestreams/reactive-streams/1.0.3/reactive-streams-1.0.3.jar:/Users/fcontigliani/.m2/repository/org/antlr/antlr4-runtime/4.9.3/antlr4-runtime-4.9.3.jar:/Users/fcontigliani/.m2/repository/com/graphql-java/java-dataloader/3.1.4/java-dataloader-3.1.4.jar:/Users/fcontigliani/.m2/repository/dev/failsafe/failsafe/3.2.4/failsafe-3.2.4.jar:/Users/fcontigliani/.m2/repository/io/netty/netty-buffer/4.1.78.Final/netty-buffer-4.1.78.Final.jar:/Users/fcontigliani/.m2/repository/io/netty/netty-codec-http/4.1.78.Final/netty-codec-http-4.1.78.Final.jar:/Users/fcontigliani/.m2/repository/io/netty/netty-codec/4.1.78.Final/netty-codec-4.1.78.Final.jar:/Users/fcontigliani/.m2/repository/io/netty/netty-common/4.1.78.Final/netty-common-4.1.78.Final.jar:/Users/fcontigliani/.m2/repository/io/netty/netty-handler/4.1.78.Final/netty-handler-4.1.78.Final.jar:/Users/fcontigliani/.m2/repository/io/netty/netty-resolver/4.1.78.Final/netty-resolver-4.1.78.Final.jar:/Users/fcontigliani/.m2/repository/io/netty/netty-transport/4.1.78.Final/netty-transport-4.1.78.Final.jar:/Users/fcontigliani/.m2/repository/io/opentelemetry/opentelemetry-api/1.16.0/opentelemetry-api-1.16.0.jar:/Users/fcontigliani/.m2/repository/io/ous/jtoml/2.0.0/jtoml-2.0.0.jar:/Users/fcontigliani/.m2/repository/javax/servlet/javax.servlet-api/4.0.1/javax.servlet-api-4.0.1.jar:/Users/fcontigliani/.m2/repository/org/seleniumhq/selenium/selenium-chromium-driver/4.4.0/selenium-chromium-driver-4.4.0.jar:/Users/fcontigliani/.m2/repository/org/seleniumhq/selenium/selenium-http/4.4.0/selenium-http-4.4.0.jar:/Users/fcontigliani/.m2/repository/org/seleniumhq/selenium/selenium-json/4.4.0/selenium-json-4.4.0.jar:/Users/fcontigliani/.m2/repository/org/zeromq/jeromq/0.5.2/jeromq-0.5.2.jar:/Users/fcontigliani/.m2/repository/eu/neilalexander/jnacl/1.0.0/jnacl-1.0.0.jar:/Users/fcontigliani/.m2/repository/org/slf4j/slf4j-api/1.7.36/slf4j-api-1.7.36.jar:/Users/fcontigliani/.m2/repository/ch/qos/logback/logback-classic/1.2.11/logback-classic-1.2.11.jar:/Users/fcontigliani/.m2/repository/ch/qos/logback/logback-core/1.2.11/logback-core-1.2.11.jar:/Users/fcontigliani/.m2/repository/org/junit/jupiter/junit-jupiter-engine/5.9.0/junit-jupiter-engine-5.9.0.jar:/Users/fcontigliani/.m2/repository/org/junit/platform/junit-platform-engine/1.9.0/junit-platform-engine-1.9.0.jar:/Users/fcontigliani/.m2/repository/org/opentest4j/opentest4j/1.2.0/opentest4j-1.2.0.jar:/Users/fcontigliani/.m2/repository/org/junit/platform/junit-platform-commons/1.9.0/junit-platform-commons-1.9.0.jar:/Users/fcontigliani/.m2/repository/org/junit/jupiter/junit-jupiter-api/5.9.0/junit-jupiter-api-5.9.0.jar:/Users/fcontigliani/.m2/repository/org/apiguardian/apiguardian-api/1.1.2/apiguardian-api-1.1.2.jar:/Users/fcontigliani/.m2/repository/io/github/bonigarcia/webdrivermanager/5.2.3/webdrivermanager-5.2.3.jar:/Users/fcontigliani/.m2/repository/com/google/code/gson/gson/2.9.1/gson-2.9.1.jar:/Users/fcontigliani/.m2/repository/com/github/docker-java/docker-java/3.2.13/docker-java-3.2.13.jar:/Users/fcontigliani/.m2/repository/com/github/docker-java/docker-java-core/3.2.13/docker-java-core-3.2.13.jar:/Users/fcontigliani/.m2/repository/com/github/docker-java/docker-java-api/3.2.13/docker-java-api-3.2.13.jar:/Users/fcontigliani/.m2/repository/com/fasterxml/jackson/core/jackson-annotations/2.10.3/jackson-annotations-2.10.3.jar:/Users/fcontigliani/.m2/repository/commons-io/commons-io/2.6/commons-io-2.6.jar:/Users/fcontigliani/.m2/repository/org/apache/commons/commons-compress/1.21/commons-compress-1.21.jar:/Users/fcontigliani/.m2/repository/com/fasterxml/jackson/core/jackson-databind/2.10.3/jackson-databind-2.10.3.jar:/Users/fcontigliani/.m2/repository/com/fasterxml/jackson/core/jackson-core/2.10.3/jackson-core-2.10.3.jar:/Users/fcontigliani/.m2/repository/org/bouncycastle/bcpkix-jdk15on/1.64/bcpkix-jdk15on-1.64.jar:/Users/fcontigliani/.m2/repository/org/bouncycastle/bcprov-jdk15on/1.64/bcprov-jdk15on-1.64.jar:/Users/fcontigliani/.m2/repository/org/slf4j/jcl-over-slf4j/1.7.30/jcl-over-slf4j-1.7.30.jar:/Users/fcontigliani/.m2/repository/com/github/docker-java/docker-java-transport-httpclient5/3.2.13/docker-java-transport-httpclient5-3.2.13.jar:/Users/fcontigliani/.m2/repository/com/github/docker-java/docker-java-transport/3.2.13/docker-java-transport-3.2.13.jar:/Users/fcontigliani/.m2/repository/net/java/dev/jna/jna/5.8.0/jna-5.8.0.jar:/Users/fcontigliani/.m2/repository/org/brotli/dec/0.1.2/dec-0.1.2.jar:/Users/fcontigliani/.m2/repository/org/apache/commons/commons-lang3/3.12.0/commons-lang3-3.12.0.jar:/Users/fcontigliani/.m2/repository/org/apache/httpcomponents/client5/httpclient5/5.1.3/httpclient5-5.1.3.jar:/Users/fcontigliani/.m2/repository/org/apache/httpcomponents/core5/httpcore5/5.1.3/httpcore5-5.1.3.jar:/Users/fcontigliani/.m2/repository/org/apache/httpcomponents/core5/httpcore5-h2/5.1.3/httpcore5-h2-5.1.3.jar:/Users/fcontigliani/.m2/repository/commons-codec/commons-codec/1.15/commons-codec-1.15.jar:/Users/fcontigliani/.m2/repository/org/hamcrest/hamcrest/2.2/hamcrest-2.2.jar:"/>
    <property name="sun.cpu.endian" value="little"/>
    <property name="user.home" value="/Users/fcontigliani"/>
    <property name="user.language" value="es"/>
    <property name="java.specification.vendor" value="Oracle Corporation"/>
    <property name="java.version.date" value="2021-04-20"/>
    <property name="java.home" value="/Library/Java/JavaVirtualMachines/jdk-11.0.11.jdk/Contents/Home"/>
    <property name="file.separator" value="/"/>
    <property name="basedir" value="/Users/fcontigliani/Trabajo/Universidad/UM/Ing. de Software Aplicada/2022/Test/Selenium/examples/java"/>
    <property name="java.vm.compressedOopsMode" value="Zero based"/>
    <property name="line.separator" value="&#10;"/>
    <property name="java.specification.name" value="Java Platform API Specification"/>
    <property name="java.vm.specification.vendor" value="Oracle Corporation"/>
    <property name="java.awt.graphicsenv" value="sun.awt.CGraphicsEnvironment"/>
    <property name="surefire.real.class.path" value="/Users/fcontigliani/Trabajo/Universidad/UM/Ing. de Software Aplicada/2022/Test/Selenium/examples/java/target/surefire/surefirebooter-20220824235627420_3.jar"/>
    <property name="sun.management.compiler" value="HotSpot 64-Bit Tiered Compilers"/>
    <property name="ftp.nonProxyHosts" value="local|*.local|169.254/16|*.169.254/16"/>
    <property name="java.runtime.version" value="11.0.11+9-LTS-194"/>
    <property name="user.name" value="fcontigliani"/>
    <property name="path.separator" value=":"/>
    <property name="otel.metrics.exporter" value="none"/>
    <property name="os.version" value="10.16"/>
    <property name="java.runtime.name" value="Java(TM) SE Runtime Environment"/>
    <property name="otel.traces.exporter" value="none"/>
    <property name="file.encoding" value="US-ASCII"/>
    <property name="java.vm.name" value="Java HotSpot(TM) 64-Bit Server VM"/>
    <property name="java.vendor.version" value="18.9"/>
    <property name="localRepository" value="/Users/fcontigliani/.m2/repository"/>
    <property name="java.vendor.url.bug" value="https://bugreport.java.com/bugreport/"/>
    <property name="java.io.tmpdir" value="/var/folders/lk/l1pjxj6n2wv198gdxqw18ypw0000gn/T/"/>
    <property name="java.version" value="11.0.11"/>
    <property name="user.dir" value="/Users/fcontigliani/Trabajo/Universidad/UM/Ing. de Software Aplicada/2022/Test/Selenium/examples/java"/>
    <property name="os.arch" value="x86_64"/>
    <property name="java.vm.specification.name" value="Java Virtual Machine Specification"/>
    <property name="java.awt.printerjob" value="sun.lwawt.macosx.CPrinterJob"/>
    <property name="sun.os.patch.level" value="unknown"/>
    <property name="java.library.path" value="/Users/fcontigliani/Library/Java/Extensions:/Library/Java/Extensions:/Network/Library/Java/Extensions:/System/Library/Java/Extensions:/usr/lib/java:."/>
    <property name="java.vendor" value="Oracle Corporation"/>
    <property name="java.vm.info" value="mixed mode"/>
    <property name="java.vm.version" value="11.0.11+9-LTS-194"/>
    <property name="sun.io.unicode.encoding" value="UnicodeBig"/>
    <property name="java.class.version" value="55.0"/>
    <property name="socksNonProxyHosts" value="local|*.local|169.254/16|*.169.254/16"/>
  </properties>
  <testcase name="testConsoleLogListener" classname="dev.selenium.augmenter.CdpRemoteWebDriverTest" time="20.136">
    <system-out><![CDATA[2022-08-24 23:57:35 [main] DEBUG i.g.b.wdm.cache.ResolutionCache.checkKeyInResolutionCache(186) - Resolution chrome=104 in cache (valid until 00:56:29 25/08/2022 ART)
2022-08-24 23:57:35 [main] DEBUG i.g.b.wdm.cache.ResolutionCache.checkKeyInResolutionCache(186) - Resolution chrome104=104.0.5112.79 in cache (valid until 23:56:29 25/08/2022 ART)
2022-08-24 23:57:35 [main] INFO  i.g.bonigarcia.wdm.WebDriverManager.resolveDriverVersion(1231) - Using chromedriver 104.0.5112.79 (resolved driver for Chrome 104)
2022-08-24 23:57:35 [main] DEBUG i.g.bonigarcia.wdm.WebDriverManager.manage(1186) - Driver chromedriver 104.0.5112.79 found in cache
2022-08-24 23:57:35 [main] INFO  i.g.bonigarcia.wdm.WebDriverManager.exportDriver(1284) - Exporting webdriver.chrome.driver as /Users/fcontigliani/.cache/selenium/chromedriver/mac64/104.0.5112.79/chromedriver
2022-08-24 23:57:35 [main] DEBUG i.g.b.wdm.cache.ResolutionCache.checkKeyInResolutionCache(186) - Resolution chrome=104 in cache (valid until 00:56:29 25/08/2022 ART)
2022-08-24 23:57:35 [main] DEBUG i.g.b.wdm.cache.ResolutionCache.checkKeyInResolutionCache(186) - Resolution chrome104=104.0.5112.79 in cache (valid until 23:56:29 25/08/2022 ART)
2022-08-24 23:57:35 [main] INFO  i.g.bonigarcia.wdm.WebDriverManager.resolveDriverVersion(1231) - Using chromedriver 104.0.5112.79 (resolved driver for Chrome 104)
2022-08-24 23:57:35 [main] DEBUG i.g.bonigarcia.wdm.WebDriverManager.manage(1186) - Driver chromedriver 104.0.5112.79 found in cache
2022-08-24 23:57:35 [main] INFO  i.g.bonigarcia.wdm.WebDriverManager.exportDriver(1284) - Exporting webdriver.chrome.driver as /Users/fcontigliani/.cache/selenium/chromedriver/mac64/104.0.5112.79/chromedriver
23:57:35.794 INFO [LoggingOptions.configureLogEncoding] - Using the system default encoding
23:57:35.795 INFO [OpenTelemetryTracer.createTracer] - Using OpenTelemetry for tracing
23:57:36.489 INFO [NodeOptions.getSessionFactories] - Detected 8 available processors
23:57:36.507 INFO [NodeOptions.discoverDrivers] - Discovered 2 driver(s)
23:57:36.517 INFO [NodeOptions.report] - Adding Chrome for {"browserName": "chrome"} 8 times
23:57:36.517 INFO [NodeOptions.report] - Adding Safari for {"browserName": "safari"} 1 times
23:57:36.526 INFO [Node.<init>] - Binding additional locator mechanisms: relative, name, id
23:57:36.547 INFO [GridModel.setAvailability] - Switching Node bf9d472f-6478-456c-b820-29359f3d6353 (uri: http://192.168.54.199:60239) from DOWN to UP
23:57:36.548 INFO [LocalDistributor.add] - Added node bf9d472f-6478-456c-b820-29359f3d6353 at http://192.168.54.199:60239. Health check every 120s
23:57:36.579 INFO [Standalone.execute] - Started Selenium Standalone 4.4.0 (revision e5c75ed026a): http://192.168.54.199:60239
23:57:51.044 INFO [LocalDistributor.newSession] - Session request received by the Distributor: 
 [Capabilities {browserName: chrome, goog:chromeOptions: {args: [], extensions: []}}]
23:57:52.483 INFO [ProtocolHandshake.createSession] - Detected upstream dialect: W3C
23:57:52.498 INFO [LocalNode.newSession] - Session created by the Node. Id: 2f686853d41305601bf202b69f4102bd, Caps: Capabilities {acceptInsecureCerts: false, browserName: chrome, browserVersion: 104.0.5112.101, chrome: {chromedriverVersion: 104.0.5112.79 (3cf3e8c8a07d..., userDataDir: /var/folders/lk/l1pjxj6n2wv...}, goog:chromeOptions: {debuggerAddress: localhost:56192}, networkConnectionEnabled: false, pageLoadStrategy: normal, platformName: MAC, proxy: Proxy(), se:cdp: http://localhost:56192, se:cdpVersion: 104.0.5112.101, setWindowRect: true, strictFileInteractability: false, timeouts: {implicit: 0, pageLoad: 300000, script: 30000}, unhandledPromptBehavior: dismiss and notify, webauthn:extension:credBlob: true, webauthn:extension:largeBlob: true, webauthn:virtualAuthenticators: true}
23:57:52.511 INFO [LocalDistributor.newSession] - Session created by the Distributor. Id: 2f686853d41305601bf202b69f4102bd 
 Caps: Capabilities {acceptInsecureCerts: false, browserName: chrome, browserVersion: 104.0.5112.101, chrome: {chromedriverVersion: 104.0.5112.79 (3cf3e8c8a07d..., userDataDir: /var/folders/lk/l1pjxj6n2wv...}, goog:chromeOptions: {debuggerAddress: localhost:56192}, networkConnectionEnabled: false, pageLoadStrategy: normal, platformName: MAC, proxy: Proxy(), se:cdp: ws://192.168.54.199:60239/s..., se:cdpVersion: 104.0.5112.101, setWindowRect: true, strictFileInteractability: false, timeouts: {implicit: 0, pageLoad: 300000, script: 30000}, unhandledPromptBehavior: dismiss and notify, webauthn:extension:credBlob: true, webauthn:extension:largeBlob: true, webauthn:virtualAuthenticators: true}
23:57:52.520 INFO [ProtocolHandshake.createSession] - Detected upstream dialect: W3C
23:57:52.814 INFO [CdpVersionFinder.findNearestMatch] - Found exact CDP implementation for version 104
23:57:52.826 INFO [ProxyNodeWebsockets.createWsEndPoint] - Establishing connection to ws://localhost:56192/devtools/browser/d8a124b4-d4a3-4971-92f1-285a7eeb7357
log: Failed to load resource: net::ERR_NAME_NOT_RESOLVED
level: error
log: Failed to load resource: the server responded with a status of 404 (Not Found)
level: error
log: Failed to load resource: the server responded with a status of 404 (Not Found)
level: error
log: Failed to load resource: the server responded with a status of 404 (Not Found)
level: error
23:57:55.809 INFO [LocalSessionMap.lambda$new$0] - Deleted session from local Session Map, Id: 2f686853d41305601bf202b69f4102bd
23:57:55.810 INFO [GridModel.release] - Releasing slot for session id 2f686853d41305601bf202b69f4102bd
23:57:55.812 INFO [SessionSlot.stop] - Stopping session 2f686853d41305601bf202b69f4102bd
]]></system-out>
    <system-err><![CDATA[Starting ChromeDriver 104.0.5112.79 (3cf3e8c8a07d104b9e1260c910efb8f383285dc5-refs/branch-heads/5112@{#1307}) on port 49985
Only local connections are allowed.
Please see https://chromedriver.chromium.org/security-considerations for suggestions on keeping ChromeDriver safe.
ChromeDriver was started successfully.
]]></system-err>
  </testcase>
  <testcase name="testBasicAuth" classname="dev.selenium.augmenter.CdpRemoteWebDriverTest" time="19.184">
    <system-out><![CDATA[2022-08-24 23:57:55 [main] DEBUG i.g.b.wdm.cache.ResolutionCache.checkKeyInResolutionCache(186) - Resolution chrome=104 in cache (valid until 00:56:29 25/08/2022 ART)
2022-08-24 23:57:55 [main] DEBUG i.g.b.wdm.cache.ResolutionCache.checkKeyInResolutionCache(186) - Resolution chrome104=104.0.5112.79 in cache (valid until 23:56:29 25/08/2022 ART)
2022-08-24 23:57:55 [main] INFO  i.g.bonigarcia.wdm.WebDriverManager.resolveDriverVersion(1231) - Using chromedriver 104.0.5112.79 (resolved driver for Chrome 104)
2022-08-24 23:57:55 [main] DEBUG i.g.bonigarcia.wdm.WebDriverManager.manage(1186) - Driver chromedriver 104.0.5112.79 found in cache
2022-08-24 23:57:55 [main] INFO  i.g.bonigarcia.wdm.WebDriverManager.exportDriver(1284) - Exporting webdriver.chrome.driver as /Users/fcontigliani/.cache/selenium/chromedriver/mac64/104.0.5112.79/chromedriver
23:57:55.839 INFO [LoggingOptions.configureLogEncoding] - Using the system default encoding
23:57:55.866 INFO [NodeOptions.getSessionFactories] - Detected 8 available processors
23:57:55.870 INFO [NodeOptions.discoverDrivers] - Discovered 2 driver(s)
23:57:55.875 INFO [NodeOptions.report] - Adding Safari for {"browserName": "safari"} 1 times
23:57:55.876 INFO [NodeOptions.report] - Adding Chrome for {"browserName": "chrome"} 8 times
23:57:55.881 INFO [Node.<init>] - Binding additional locator mechanisms: name, relative, id
23:57:55.883 INFO [GridModel.setAvailability] - Switching Node da0c336e-3df1-43e8-aa08-4c0e5586991c (uri: http://192.168.54.199:58255) from DOWN to UP
23:57:55.883 INFO [LocalDistributor.add] - Added node da0c336e-3df1-43e8-aa08-4c0e5586991c at http://192.168.54.199:58255. Health check every 120s
23:57:55.898 INFO [Standalone.execute] - Started Selenium Standalone 4.4.0 (revision e5c75ed026a): http://192.168.54.199:58255
23:58:10.848 INFO [LocalDistributor.newSession] - Session request received by the Distributor: 
 [Capabilities {browserName: chrome, goog:chromeOptions: {args: [], extensions: []}}]
23:58:12.185 INFO [ProtocolHandshake.createSession] - Detected upstream dialect: W3C
23:58:12.187 INFO [LocalNode.newSession] - Session created by the Node. Id: 155f9ef6bae53959b49d712cee53617e, Caps: Capabilities {acceptInsecureCerts: false, browserName: chrome, browserVersion: 104.0.5112.101, chrome: {chromedriverVersion: 104.0.5112.79 (3cf3e8c8a07d..., userDataDir: /var/folders/lk/l1pjxj6n2wv...}, goog:chromeOptions: {debuggerAddress: localhost:56250}, networkConnectionEnabled: false, pageLoadStrategy: normal, platformName: MAC, proxy: Proxy(), se:cdp: http://localhost:56250, se:cdpVersion: 104.0.5112.101, setWindowRect: true, strictFileInteractability: false, timeouts: {implicit: 0, pageLoad: 300000, script: 30000}, unhandledPromptBehavior: dismiss and notify, webauthn:extension:credBlob: true, webauthn:extension:largeBlob: true, webauthn:virtualAuthenticators: true}
23:58:12.189 INFO [LocalDistributor.newSession] - Session created by the Distributor. Id: 155f9ef6bae53959b49d712cee53617e 
 Caps: Capabilities {acceptInsecureCerts: false, browserName: chrome, browserVersion: 104.0.5112.101, chrome: {chromedriverVersion: 104.0.5112.79 (3cf3e8c8a07d..., userDataDir: /var/folders/lk/l1pjxj6n2wv...}, goog:chromeOptions: {debuggerAddress: localhost:56250}, networkConnectionEnabled: false, pageLoadStrategy: normal, platformName: MAC, proxy: Proxy(), se:cdp: ws://192.168.54.199:58255/s..., se:cdpVersion: 104.0.5112.101, setWindowRect: true, strictFileInteractability: false, timeouts: {implicit: 0, pageLoad: 300000, script: 30000}, unhandledPromptBehavior: dismiss and notify, webauthn:extension:credBlob: true, webauthn:extension:largeBlob: true, webauthn:virtualAuthenticators: true}
23:58:12.196 INFO [ProtocolHandshake.createSession] - Detected upstream dialect: W3C
23:58:12.201 INFO [CdpVersionFinder.findNearestMatch] - Found exact CDP implementation for version 104
23:58:12.215 INFO [ProxyNodeWebsockets.createWsEndPoint] - Establishing connection to ws://localhost:56250/devtools/browser/15409cef-e734-4d02-95eb-097367cce560
23:58:14.996 INFO [LocalSessionMap.lambda$new$0] - Deleted session from local Session Map, Id: 155f9ef6bae53959b49d712cee53617e
23:58:14.998 INFO [GridModel.release] - Releasing slot for session id 155f9ef6bae53959b49d712cee53617e
23:58:15.000 INFO [SessionSlot.stop] - Stopping session 155f9ef6bae53959b49d712cee53617e
]]></system-out>
    <system-err><![CDATA[Starting ChromeDriver 104.0.5112.79 (3cf3e8c8a07d104b9e1260c910efb8f383285dc5-refs/branch-heads/5112@{#1307}) on port 58526
Only local connections are allowed.
Please see https://chromedriver.chromium.org/security-considerations for suggestions on keeping ChromeDriver safe.
ChromeDriver was started successfully.
]]></system-err>
  </testcase>
  <testcase name="testNetworkInterceptor" classname="dev.selenium.augmenter.CdpRemoteWebDriverTest" time="16.792">
    <system-out><![CDATA[2022-08-24 23:58:15 [main] DEBUG i.g.b.wdm.cache.ResolutionCache.checkKeyInResolutionCache(186) - Resolution chrome=104 in cache (valid until 00:56:29 25/08/2022 ART)
2022-08-24 23:58:15 [main] DEBUG i.g.b.wdm.cache.ResolutionCache.checkKeyInResolutionCache(186) - Resolution chrome104=104.0.5112.79 in cache (valid until 23:56:29 25/08/2022 ART)
2022-08-24 23:58:15 [main] INFO  i.g.bonigarcia.wdm.WebDriverManager.resolveDriverVersion(1231) - Using chromedriver 104.0.5112.79 (resolved driver for Chrome 104)
2022-08-24 23:58:15 [main] DEBUG i.g.bonigarcia.wdm.WebDriverManager.manage(1186) - Driver chromedriver 104.0.5112.79 found in cache
2022-08-24 23:58:15 [main] INFO  i.g.bonigarcia.wdm.WebDriverManager.exportDriver(1284) - Exporting webdriver.chrome.driver as /Users/fcontigliani/.cache/selenium/chromedriver/mac64/104.0.5112.79/chromedriver
23:58:15.024 INFO [LoggingOptions.configureLogEncoding] - Using the system default encoding
23:58:15.071 INFO [NodeOptions.getSessionFactories] - Detected 8 available processors
23:58:15.078 INFO [NodeOptions.discoverDrivers] - Discovered 2 driver(s)
23:58:15.080 INFO [NodeOptions.report] - Adding Chrome for {"browserName": "chrome"} 8 times
23:58:15.081 INFO [NodeOptions.report] - Adding Safari for {"browserName": "safari"} 1 times
23:58:15.084 INFO [Node.<init>] - Binding additional locator mechanisms: relative, name, id
23:58:15.086 INFO [GridModel.setAvailability] - Switching Node 934e8283-bb2c-48cd-967d-0ae949968f55 (uri: http://192.168.54.199:64724) from DOWN to UP
23:58:15.086 INFO [LocalDistributor.add] - Added node 934e8283-bb2c-48cd-967d-0ae949968f55 at http://192.168.54.199:64724. Health check every 120s
23:58:15.089 INFO [Standalone.execute] - Started Selenium Standalone 4.4.0 (revision e5c75ed026a): http://192.168.54.199:64724
23:58:30.032 INFO [LocalDistributor.newSession] - Session request received by the Distributor: 
 [Capabilities {browserName: chrome, goog:chromeOptions: {args: [], extensions: []}}]
23:58:31.289 INFO [ProtocolHandshake.createSession] - Detected upstream dialect: W3C
23:58:31.291 INFO [LocalNode.newSession] - Session created by the Node. Id: 05ce139ef244da057ea8191567d3c98b, Caps: Capabilities {acceptInsecureCerts: false, browserName: chrome, browserVersion: 104.0.5112.101, chrome: {chromedriverVersion: 104.0.5112.79 (3cf3e8c8a07d..., userDataDir: /var/folders/lk/l1pjxj6n2wv...}, goog:chromeOptions: {debuggerAddress: localhost:56307}, networkConnectionEnabled: false, pageLoadStrategy: normal, platformName: MAC, proxy: Proxy(), se:cdp: http://localhost:56307, se:cdpVersion: 104.0.5112.101, setWindowRect: true, strictFileInteractability: false, timeouts: {implicit: 0, pageLoad: 300000, script: 30000}, unhandledPromptBehavior: dismiss and notify, webauthn:extension:credBlob: true, webauthn:extension:largeBlob: true, webauthn:virtualAuthenticators: true}
23:58:31.293 INFO [LocalDistributor.newSession] - Session created by the Distributor. Id: 05ce139ef244da057ea8191567d3c98b 
 Caps: Capabilities {acceptInsecureCerts: false, browserName: chrome, browserVersion: 104.0.5112.101, chrome: {chromedriverVersion: 104.0.5112.79 (3cf3e8c8a07d..., userDataDir: /var/folders/lk/l1pjxj6n2wv...}, goog:chromeOptions: {debuggerAddress: localhost:56307}, networkConnectionEnabled: false, pageLoadStrategy: normal, platformName: MAC, proxy: Proxy(), se:cdp: ws://192.168.54.199:64724/s..., se:cdpVersion: 104.0.5112.101, setWindowRect: true, strictFileInteractability: false, timeouts: {implicit: 0, pageLoad: 300000, script: 30000}, unhandledPromptBehavior: dismiss and notify, webauthn:extension:credBlob: true, webauthn:extension:largeBlob: true, webauthn:virtualAuthenticators: true}
23:58:31.302 INFO [ProtocolHandshake.createSession] - Detected upstream dialect: W3C
23:58:31.306 INFO [CdpVersionFinder.findNearestMatch] - Found exact CDP implementation for version 104
23:58:31.317 INFO [ProxyNodeWebsockets.createWsEndPoint] - Establishing connection to ws://localhost:56307/devtools/browser/ee65d92b-4159-46a4-bb89-001216555c2c
23:58:31.791 INFO [LocalSessionMap.lambda$new$0] - Deleted session from local Session Map, Id: 05ce139ef244da057ea8191567d3c98b
23:58:31.792 INFO [GridModel.release] - Releasing slot for session id 05ce139ef244da057ea8191567d3c98b
23:58:31.793 INFO [SessionSlot.stop] - Stopping session 05ce139ef244da057ea8191567d3c98b
]]></system-out>
    <system-err><![CDATA[Starting ChromeDriver 104.0.5112.79 (3cf3e8c8a07d104b9e1260c910efb8f383285dc5-refs/branch-heads/5112@{#1307}) on port 52677
Only local connections are allowed.
Please see https://chromedriver.chromium.org/security-considerations for suggestions on keeping ChromeDriver safe.
ChromeDriver was started successfully.
]]></system-err>
  </testcase>
  <testcase name="testJsExceptionListener" classname="dev.selenium.augmenter.CdpRemoteWebDriverTest" time="18.929">
    <system-out><![CDATA[2022-08-24 23:58:31 [main] DEBUG i.g.b.wdm.cache.ResolutionCache.checkKeyInResolutionCache(186) - Resolution chrome=104 in cache (valid until 00:56:29 25/08/2022 ART)
2022-08-24 23:58:31 [main] DEBUG i.g.b.wdm.cache.ResolutionCache.checkKeyInResolutionCache(186) - Resolution chrome104=104.0.5112.79 in cache (valid until 23:56:29 25/08/2022 ART)
2022-08-24 23:58:31 [main] INFO  i.g.bonigarcia.wdm.WebDriverManager.resolveDriverVersion(1231) - Using chromedriver 104.0.5112.79 (resolved driver for Chrome 104)
2022-08-24 23:58:31 [main] DEBUG i.g.bonigarcia.wdm.WebDriverManager.manage(1186) - Driver chromedriver 104.0.5112.79 found in cache
2022-08-24 23:58:31 [main] INFO  i.g.bonigarcia.wdm.WebDriverManager.exportDriver(1284) - Exporting webdriver.chrome.driver as /Users/fcontigliani/.cache/selenium/chromedriver/mac64/104.0.5112.79/chromedriver
23:58:31.813 INFO [LoggingOptions.configureLogEncoding] - Using the system default encoding
23:58:31.843 INFO [NodeOptions.getSessionFactories] - Detected 8 available processors
23:58:31.849 INFO [NodeOptions.discoverDrivers] - Discovered 2 driver(s)
23:58:31.852 INFO [NodeOptions.report] - Adding Chrome for {"browserName": "chrome"} 8 times
23:58:31.852 INFO [NodeOptions.report] - Adding Safari for {"browserName": "safari"} 1 times
23:58:31.861 INFO [Node.<init>] - Binding additional locator mechanisms: relative, id, name
23:58:31.864 INFO [GridModel.setAvailability] - Switching Node 0a56940f-0521-4c93-8c10-44ec132d9c42 (uri: http://192.168.54.199:57511) from DOWN to UP
23:58:31.864 INFO [LocalDistributor.add] - Added node 0a56940f-0521-4c93-8c10-44ec132d9c42 at http://192.168.54.199:57511. Health check every 120s
23:58:31.868 INFO [Standalone.execute] - Started Selenium Standalone 4.4.0 (revision e5c75ed026a): http://192.168.54.199:57511
23:58:46.823 INFO [LocalDistributor.newSession] - Session request received by the Distributor: 
 [Capabilities {browserName: chrome, goog:chromeOptions: {args: [], extensions: []}}]
23:58:48.100 INFO [ProtocolHandshake.createSession] - Detected upstream dialect: W3C
23:58:48.103 INFO [LocalNode.newSession] - Session created by the Node. Id: 2ed0849b57bb65112ba2a6be2a0999bc, Caps: Capabilities {acceptInsecureCerts: false, browserName: chrome, browserVersion: 104.0.5112.101, chrome: {chromedriverVersion: 104.0.5112.79 (3cf3e8c8a07d..., userDataDir: /var/folders/lk/l1pjxj6n2wv...}, goog:chromeOptions: {debuggerAddress: localhost:56349}, networkConnectionEnabled: false, pageLoadStrategy: normal, platformName: MAC, proxy: Proxy(), se:cdp: http://localhost:56349, se:cdpVersion: 104.0.5112.101, setWindowRect: true, strictFileInteractability: false, timeouts: {implicit: 0, pageLoad: 300000, script: 30000}, unhandledPromptBehavior: dismiss and notify, webauthn:extension:credBlob: true, webauthn:extension:largeBlob: true, webauthn:virtualAuthenticators: true}
23:58:48.105 INFO [LocalDistributor.newSession] - Session created by the Distributor. Id: 2ed0849b57bb65112ba2a6be2a0999bc 
 Caps: Capabilities {acceptInsecureCerts: false, browserName: chrome, browserVersion: 104.0.5112.101, chrome: {chromedriverVersion: 104.0.5112.79 (3cf3e8c8a07d..., userDataDir: /var/folders/lk/l1pjxj6n2wv...}, goog:chromeOptions: {debuggerAddress: localhost:56349}, networkConnectionEnabled: false, pageLoadStrategy: normal, platformName: MAC, proxy: Proxy(), se:cdp: ws://192.168.54.199:57511/s..., se:cdpVersion: 104.0.5112.101, setWindowRect: true, strictFileInteractability: false, timeouts: {implicit: 0, pageLoad: 300000, script: 30000}, unhandledPromptBehavior: dismiss and notify, webauthn:extension:credBlob: true, webauthn:extension:largeBlob: true, webauthn:virtualAuthenticators: true}
23:58:48.138 INFO [ProtocolHandshake.createSession] - Detected upstream dialect: W3C
23:58:48.144 INFO [CdpVersionFinder.findNearestMatch] - Found exact CDP implementation for version 104
23:58:48.157 INFO [ProxyNodeWebsockets.createWsEndPoint] - Establishing connection to ws://localhost:56349/devtools/browser/8e5f5d53-092b-4e22-8396-f43792083a5a
23:58:50.718 INFO [LocalSessionMap.lambda$new$0] - Deleted session from local Session Map, Id: 2ed0849b57bb65112ba2a6be2a0999bc
23:58:50.720 INFO [GridModel.release] - Releasing slot for session id 2ed0849b57bb65112ba2a6be2a0999bc
23:58:50.722 INFO [SessionSlot.stop] - Stopping session 2ed0849b57bb65112ba2a6be2a0999bc
]]></system-out>
    <system-err><![CDATA[Starting ChromeDriver 104.0.5112.79 (3cf3e8c8a07d104b9e1260c910efb8f383285dc5-refs/branch-heads/5112@{#1307}) on port 51608
Only local connections are allowed.
Please see https://chromedriver.chromium.org/security-considerations for suggestions on keeping ChromeDriver safe.
ChromeDriver was started successfully.
]]></system-err>
  </testcase>
  <testcase name="testDomMutation" classname="dev.selenium.augmenter.CdpRemoteWebDriverTest" time="18.216">
    <system-out><![CDATA[2022-08-24 23:58:50 [main] DEBUG i.g.b.wdm.cache.ResolutionCache.checkKeyInResolutionCache(186) - Resolution chrome=104 in cache (valid until 00:56:29 25/08/2022 ART)
2022-08-24 23:58:50 [main] DEBUG i.g.b.wdm.cache.ResolutionCache.checkKeyInResolutionCache(186) - Resolution chrome104=104.0.5112.79 in cache (valid until 23:56:29 25/08/2022 ART)
2022-08-24 23:58:50 [main] INFO  i.g.bonigarcia.wdm.WebDriverManager.resolveDriverVersion(1231) - Using chromedriver 104.0.5112.79 (resolved driver for Chrome 104)
2022-08-24 23:58:50 [main] DEBUG i.g.bonigarcia.wdm.WebDriverManager.manage(1186) - Driver chromedriver 104.0.5112.79 found in cache
2022-08-24 23:58:50 [main] INFO  i.g.bonigarcia.wdm.WebDriverManager.exportDriver(1284) - Exporting webdriver.chrome.driver as /Users/fcontigliani/.cache/selenium/chromedriver/mac64/104.0.5112.79/chromedriver
23:58:50.748 INFO [LoggingOptions.configureLogEncoding] - Using the system default encoding
23:58:50.778 INFO [NodeOptions.getSessionFactories] - Detected 8 available processors
23:58:50.784 INFO [NodeOptions.discoverDrivers] - Discovered 2 driver(s)
23:58:50.787 INFO [NodeOptions.report] - Adding Safari for {"browserName": "safari"} 1 times
23:58:50.787 INFO [NodeOptions.report] - Adding Chrome for {"browserName": "chrome"} 8 times
23:58:50.791 INFO [Node.<init>] - Binding additional locator mechanisms: name, id, relative
23:58:50.795 INFO [GridModel.setAvailability] - Switching Node 90ffa298-6428-4678-b7e9-0f591c6585c8 (uri: http://192.168.54.199:59616) from DOWN to UP
23:58:50.795 INFO [LocalDistributor.add] - Added node 90ffa298-6428-4678-b7e9-0f591c6585c8 at http://192.168.54.199:59616. Health check every 120s
23:58:50.802 INFO [Standalone.execute] - Started Selenium Standalone 4.4.0 (revision e5c75ed026a): http://192.168.54.199:59616
23:59:05.762 INFO [LocalDistributor.newSession] - Session request received by the Distributor: 
 [Capabilities {browserName: chrome, goog:chromeOptions: {args: [], extensions: []}}]
23:59:07.139 INFO [ProtocolHandshake.createSession] - Detected upstream dialect: W3C
23:59:07.140 INFO [LocalNode.newSession] - Session created by the Node. Id: e3c8052f592d0e31d1782f7d1dd2d849, Caps: Capabilities {acceptInsecureCerts: false, browserName: chrome, browserVersion: 104.0.5112.101, chrome: {chromedriverVersion: 104.0.5112.79 (3cf3e8c8a07d..., userDataDir: /var/folders/lk/l1pjxj6n2wv...}, goog:chromeOptions: {debuggerAddress: localhost:56394}, networkConnectionEnabled: false, pageLoadStrategy: normal, platformName: MAC, proxy: Proxy(), se:cdp: http://localhost:56394, se:cdpVersion: 104.0.5112.101, setWindowRect: true, strictFileInteractability: false, timeouts: {implicit: 0, pageLoad: 300000, script: 30000}, unhandledPromptBehavior: dismiss and notify, webauthn:extension:credBlob: true, webauthn:extension:largeBlob: true, webauthn:virtualAuthenticators: true}
23:59:07.142 INFO [LocalDistributor.newSession] - Session created by the Distributor. Id: e3c8052f592d0e31d1782f7d1dd2d849 
 Caps: Capabilities {acceptInsecureCerts: false, browserName: chrome, browserVersion: 104.0.5112.101, chrome: {chromedriverVersion: 104.0.5112.79 (3cf3e8c8a07d..., userDataDir: /var/folders/lk/l1pjxj6n2wv...}, goog:chromeOptions: {debuggerAddress: localhost:56394}, networkConnectionEnabled: false, pageLoadStrategy: normal, platformName: MAC, proxy: Proxy(), se:cdp: ws://192.168.54.199:59616/s..., se:cdpVersion: 104.0.5112.101, setWindowRect: true, strictFileInteractability: false, timeouts: {implicit: 0, pageLoad: 300000, script: 30000}, unhandledPromptBehavior: dismiss and notify, webauthn:extension:credBlob: true, webauthn:extension:largeBlob: true, webauthn:virtualAuthenticators: true}
23:59:07.145 INFO [ProtocolHandshake.createSession] - Detected upstream dialect: W3C
23:59:07.149 INFO [CdpVersionFinder.findNearestMatch] - Found exact CDP implementation for version 104
23:59:07.157 INFO [ProxyNodeWebsockets.createWsEndPoint] - Establishing connection to ws://localhost:56394/devtools/browser/a8c22c7c-7140-4449-8960-e7d68e66e345
23:59:08.929 INFO [LocalSessionMap.lambda$new$0] - Deleted session from local Session Map, Id: e3c8052f592d0e31d1782f7d1dd2d849
23:59:08.931 INFO [GridModel.release] - Releasing slot for session id e3c8052f592d0e31d1782f7d1dd2d849
23:59:08.933 INFO [SessionSlot.stop] - Stopping session e3c8052f592d0e31d1782f7d1dd2d849
]]></system-out>
    <system-err><![CDATA[Starting ChromeDriver 104.0.5112.79 (3cf3e8c8a07d104b9e1260c910efb8f383285dc5-refs/branch-heads/5112@{#1307}) on port 56555
Only local connections are allowed.
Please see https://chromedriver.chromium.org/security-considerations for suggestions on keeping ChromeDriver safe.
ChromeDriver was started successfully.
]]></system-err>
  </testcase>
  <testcase name="testCreateCDPSession" classname="dev.selenium.augmenter.CdpRemoteWebDriverTest" time="16.57">
    <system-out><![CDATA[2022-08-24 23:59:08 [main] DEBUG i.g.b.wdm.cache.ResolutionCache.checkKeyInResolutionCache(186) - Resolution chrome=104 in cache (valid until 00:56:29 25/08/2022 ART)
2022-08-24 23:59:08 [main] DEBUG i.g.b.wdm.cache.ResolutionCache.checkKeyInResolutionCache(186) - Resolution chrome104=104.0.5112.79 in cache (valid until 23:56:29 25/08/2022 ART)
2022-08-24 23:59:08 [main] INFO  i.g.bonigarcia.wdm.WebDriverManager.resolveDriverVersion(1231) - Using chromedriver 104.0.5112.79 (resolved driver for Chrome 104)
2022-08-24 23:59:08 [main] DEBUG i.g.bonigarcia.wdm.WebDriverManager.manage(1186) - Driver chromedriver 104.0.5112.79 found in cache
2022-08-24 23:59:08 [main] INFO  i.g.bonigarcia.wdm.WebDriverManager.exportDriver(1284) - Exporting webdriver.chrome.driver as /Users/fcontigliani/.cache/selenium/chromedriver/mac64/104.0.5112.79/chromedriver
23:59:08.958 INFO [LoggingOptions.configureLogEncoding] - Using the system default encoding
23:59:08.979 INFO [NodeOptions.getSessionFactories] - Detected 8 available processors
23:59:08.985 INFO [NodeOptions.discoverDrivers] - Discovered 2 driver(s)
23:59:08.989 INFO [NodeOptions.report] - Adding Chrome for {"browserName": "chrome"} 8 times
23:59:08.989 INFO [NodeOptions.report] - Adding Safari for {"browserName": "safari"} 1 times
23:59:08.992 INFO [Node.<init>] - Binding additional locator mechanisms: id, name, relative
23:59:08.994 INFO [GridModel.setAvailability] - Switching Node 84fff674-69dd-4c33-9427-606c3c489297 (uri: http://192.168.54.199:54850) from DOWN to UP
23:59:08.994 INFO [LocalDistributor.add] - Added node 84fff674-69dd-4c33-9427-606c3c489297 at http://192.168.54.199:54850. Health check every 120s
23:59:08.998 INFO [Standalone.execute] - Started Selenium Standalone 4.4.0 (revision e5c75ed026a): http://192.168.54.199:54850
23:59:23.965 INFO [LocalDistributor.newSession] - Session request received by the Distributor: 
 [Capabilities {browserName: chrome, goog:chromeOptions: {args: [], extensions: []}}]
23:59:25.295 INFO [ProtocolHandshake.createSession] - Detected upstream dialect: W3C
23:59:25.296 INFO [LocalNode.newSession] - Session created by the Node. Id: 9b272153489da699eb5a9110d12c22b8, Caps: Capabilities {acceptInsecureCerts: false, browserName: chrome, browserVersion: 104.0.5112.101, chrome: {chromedriverVersion: 104.0.5112.79 (3cf3e8c8a07d..., userDataDir: /var/folders/lk/l1pjxj6n2wv...}, goog:chromeOptions: {debuggerAddress: localhost:56556}, networkConnectionEnabled: false, pageLoadStrategy: normal, platformName: MAC, proxy: Proxy(), se:cdp: http://localhost:56556, se:cdpVersion: 104.0.5112.101, setWindowRect: true, strictFileInteractability: false, timeouts: {implicit: 0, pageLoad: 300000, script: 30000}, unhandledPromptBehavior: dismiss and notify, webauthn:extension:credBlob: true, webauthn:extension:largeBlob: true, webauthn:virtualAuthenticators: true}
23:59:25.299 INFO [LocalDistributor.newSession] - Session created by the Distributor. Id: 9b272153489da699eb5a9110d12c22b8 
 Caps: Capabilities {acceptInsecureCerts: false, browserName: chrome, browserVersion: 104.0.5112.101, chrome: {chromedriverVersion: 104.0.5112.79 (3cf3e8c8a07d..., userDataDir: /var/folders/lk/l1pjxj6n2wv...}, goog:chromeOptions: {debuggerAddress: localhost:56556}, networkConnectionEnabled: false, pageLoadStrategy: normal, platformName: MAC, proxy: Proxy(), se:cdp: ws://192.168.54.199:54850/s..., se:cdpVersion: 104.0.5112.101, setWindowRect: true, strictFileInteractability: false, timeouts: {implicit: 0, pageLoad: 300000, script: 30000}, unhandledPromptBehavior: dismiss and notify, webauthn:extension:credBlob: true, webauthn:extension:largeBlob: true, webauthn:virtualAuthenticators: true}
23:59:25.303 INFO [ProtocolHandshake.createSession] - Detected upstream dialect: W3C
23:59:25.307 INFO [CdpVersionFinder.findNearestMatch] - Found exact CDP implementation for version 104
23:59:25.312 INFO [ProxyNodeWebsockets.createWsEndPoint] - Establishing connection to ws://localhost:56556/devtools/browser/60de891b-9b78-4df4-af03-9a2c4a5ff54b
23:59:25.505 INFO [LocalSessionMap.lambda$new$0] - Deleted session from local Session Map, Id: 9b272153489da699eb5a9110d12c22b8
23:59:25.507 INFO [GridModel.release] - Releasing slot for session id 9b272153489da699eb5a9110d12c22b8
23:59:25.508 INFO [SessionSlot.stop] - Stopping session 9b272153489da699eb5a9110d12c22b8
]]></system-out>
    <system-err><![CDATA[Starting ChromeDriver 104.0.5112.79 (3cf3e8c8a07d104b9e1260c910efb8f383285dc5-refs/branch-heads/5112@{#1307}) on port 55142
Only local connections are allowed.
Please see https://chromedriver.chromium.org/security-considerations for suggestions on keeping ChromeDriver safe.
ChromeDriver was started successfully.
]]></system-err>
  </testcase>
</testsuite>